2025-07-24 21:32:51,766 - INFO - Lancement du scheduler. En attente de la première exécution...
2025-07-24 21:44:15,632 - INFO - Lancement du scheduler. En attente de la première exécution...
2025-07-24 21:45:15,921 - INFO - [OK] Contenu ajouté pour https://www.aivancity.ai/propos-daivancity
2025-07-24 21:45:16,117 - INFO - [OK] Contenu ajouté pour https://www.aivancity.ai/edito
2025-07-24 21:45:16,333 - INFO - [OK] Contenu ajouté pour https://www.aivancity.ai/societe-mission-et-engagements
2025-07-24 21:45:16,666 - INFO - [OK] Contenu ajouté pour https://www.aivancity.ai/le-board-aivancity
2025-07-24 21:45:16,949 - INFO - [OK] Contenu ajouté pour https://www.aivancity.ai/lequipe-aivancity
2025-07-24 21:45:17,173 - INFO - [OK] Contenu ajouté pour https://www.aivancity.ai/labels-et-reconnaissances
2025-07-24 21:45:17,366 - INFO - [OK] Contenu ajouté pour https://www.aivancity.ai/se-reperer-parmi-les-labels-et-reconnaissances
2025-07-24 21:45:18,128 - INFO - [OK] Contenu ajouté pour https://www.aivancity.ai/partenaires
2025-07-24 21:45:18,310 - INFO - [OK] Contenu ajouté pour https://www.aivancity.ai/notre-reseau
2025-07-24 21:45:18,532 - INFO - [OK] Contenu ajouté pour https://www.aivancity.ai/le-fonds-de-dotation-un-outil-innovant-pour-financer-le-mecenat
2025-07-24 21:45:19,363 - INFO - [OK] Contenu ajouté pour https://www.aivancity.ai/etudiant/programme/programme-grande-ecole
2025-07-24 21:45:19,737 - INFO - [OK] Contenu ajouté pour https://www.aivancity.ai/etudiant/programme/bachelor-science-intelligence-artificielle-appliquee
2025-07-24 21:45:20,103 - INFO - [OK] Contenu ajouté pour https://www.aivancity.ai/etudiant/programme/msc-data-engineering-cloud-computing
2025-07-24 21:45:20,414 - INFO - [OK] Contenu ajouté pour https://www.aivancity.ai/etudiant/programme/master-science-data-management
2025-07-24 21:45:20,662 - INFO - [OK] Contenu ajouté pour https://www.aivancity.ai/etudiant-et-professionnel/programme/master-science-artificial-intelligence-business
2025-07-24 21:45:20,880 - INFO - [OK] Contenu ajouté pour https://www.aivancity.ai/etudiant-et-professionnel/programme/msc-intelligences-artificielles-generatives
2025-07-24 21:45:21,069 - INFO - [OK] Contenu ajouté pour https://www.aivancity.ai/certificats
2025-07-24 21:45:21,585 - INFO - [OK] Contenu ajouté pour https://www.aivancity.ai/programmes-courts
2025-07-24 21:45:21,730 - INFO - [OK] Contenu ajouté pour https://www.aivancity.ai/offres-pour-les-entreprises-intra
2025-07-24 21:45:21,929 - INFO - [OK] Contenu ajouté pour https://www.aivancity.ai/financer-votre-formation-professionnelle
2025-07-24 21:45:22,172 - INFO - [OK] Contenu ajouté pour https://www.aivancity.ai/une-offre-de-formation-100-online-aivancityx
2025-07-24 21:45:23,092 - INFO - [OK] Contenu ajouté pour https://www.aivancity.ai/summer-school
2025-07-24 21:45:23,291 - INFO - [OK] Contenu ajouté pour https://www.aivancity.ai/hybridation
2025-07-24 21:45:23,479 - INFO - [OK] Contenu ajouté pour https://www.aivancity.ai/la-clinique-de-lintelligence-artificielle-plus-quun-lieu-un-concept-pedagogique-cree-par-aivancity
2025-07-24 21:45:23,661 - INFO - [OK] Contenu ajouté pour https://www.aivancity.ai/boarding-aivancity
2025-07-24 21:45:23,879 - INFO - [OK] Contenu ajouté pour https://www.aivancity.ai/campus-de-paris-villejuif
2025-07-24 21:45:24,043 - INFO - [OK] Contenu ajouté pour https://www.aivancity.ai/campus-de-nice
2025-07-24 21:45:24,311 - INFO - [OK] Contenu ajouté pour https://www.aivancity.ai/international
2025-07-24 21:45:24,459 - INFO - [OK] Contenu ajouté pour https://www.aivancity.ai/bourses-et-financement
2025-07-24 21:45:24,683 - INFO - [OK] Contenu ajouté pour https://www.aivancity.ai/handicap-et-accessibilite
2025-07-24 21:45:25,033 - INFO - [OK] Contenu ajouté pour https://www.aivancity.ai/corps-professoral
2025-07-24 21:45:26,086 - INFO - [OK] Contenu ajouté pour https://www.aivancity.ai/axes-et-projets-de-recherche
2025-07-24 21:45:27,013 - INFO - [OK] Contenu ajouté pour https://www.aivancity.ai/chaires-de-recherche-et-dinnovation
2025-07-24 21:45:28,068 - INFO - [OK] Contenu ajouté pour https://www.aivancity.ai/knowledge
2025-07-24 21:45:28,252 - INFO - [OK] Contenu ajouté pour https://www.aivancity.ai/projet-adoptia-porte-par-aivancity-laureat-de-2e-vague-de-lami-cma-france-2030
2025-07-24 21:45:28,422 - INFO - [OK] Contenu ajouté pour https://www.aivancity.ai/la-garantie-de-mise-jour-du-diplome
2025-07-24 21:45:28,640 - INFO - [OK] Contenu ajouté pour https://www.aivancity.ai/les-metiers-de-lintelligence-artificielle-ia-et-de-la-data
2025-07-24 21:45:29,605 - INFO - [OK] Contenu ajouté pour https://www.aivancity.ai/le-stage-en-entreprise-un-pilier-de-la-pedagogie-daivancity
2025-07-24 21:45:29,769 - INFO - [OK] Contenu ajouté pour https://www.aivancity.ai/lalternance-un-passeport-pour-lemploi-et-un-outil-de-recrutement
2025-07-24 21:45:29,929 - INFO - [OK] Contenu ajouté pour https://www.aivancity.ai/la-mission-citoyenne
2025-07-24 21:45:30,404 - INFO - [OK] Contenu ajouté pour https://www.aivancity.ai/actualites
2025-07-24 21:45:30,742 - INFO - [OK] Contenu ajouté pour https://www.aivancity.ai/evenements
2025-07-24 21:45:30,872 - INFO - [OK] Contenu ajouté pour https://www.aivancity.ai/rencontrez-nous
2025-07-24 21:54:13,424 - INFO - Lancement du scheduler. En attente de la première exécution...
2025-07-24 21:56:00,308 - INFO - Lancement du scheduler. En attente de la première exécution...
2025-07-24 21:56:23,703 - INFO - Lancement du scheduler. En attente de la première exécution...
2025-07-24 21:58:23,942 - INFO - [Doublon ou vide] Ignoré : https://www.aivancity.ai/propos-daivancity
2025-07-24 21:58:24,193 - INFO - [Doublon ou vide] Ignoré : https://www.aivancity.ai/edito
2025-07-24 21:58:24,350 - INFO - [Doublon ou vide] Ignoré : https://www.aivancity.ai/societe-mission-et-engagements
2025-07-24 21:58:24,573 - INFO - [Doublon ou vide] Ignoré : https://www.aivancity.ai/le-board-aivancity
2025-07-24 21:58:24,771 - INFO - [Doublon ou vide] Ignoré : https://www.aivancity.ai/lequipe-aivancity
2025-07-24 21:58:24,953 - INFO - [Doublon ou vide] Ignoré : https://www.aivancity.ai/labels-et-reconnaissances
2025-07-24 21:58:25,130 - INFO - [Doublon ou vide] Ignoré : https://www.aivancity.ai/se-reperer-parmi-les-labels-et-reconnaissances
2025-07-24 21:58:25,882 - INFO - [Doublon ou vide] Ignoré : https://www.aivancity.ai/partenaires
2025-07-24 21:58:26,054 - INFO - [Doublon ou vide] Ignoré : https://www.aivancity.ai/notre-reseau
2025-07-24 21:58:26,241 - INFO - [Doublon ou vide] Ignoré : https://www.aivancity.ai/le-fonds-de-dotation-un-outil-innovant-pour-financer-le-mecenat
2025-07-24 21:58:26,636 - INFO - [Doublon ou vide] Ignoré : https://www.aivancity.ai/etudiant/programme/programme-grande-ecole
2025-07-24 21:58:26,896 - INFO - [Doublon ou vide] Ignoré : https://www.aivancity.ai/etudiant/programme/bachelor-science-intelligence-artificielle-appliquee
2025-07-24 21:58:27,210 - INFO - [Doublon ou vide] Ignoré : https://www.aivancity.ai/etudiant/programme/msc-data-engineering-cloud-computing
2025-07-24 21:58:27,543 - INFO - [Doublon ou vide] Ignoré : https://www.aivancity.ai/etudiant/programme/master-science-data-management
2025-07-24 21:58:27,903 - INFO - [Doublon ou vide] Ignoré : https://www.aivancity.ai/etudiant-et-professionnel/programme/master-science-artificial-intelligence-business
2025-07-24 21:58:28,134 - INFO - [Doublon ou vide] Ignoré : https://www.aivancity.ai/etudiant-et-professionnel/programme/msc-intelligences-artificielles-generatives
2025-07-24 21:58:28,295 - INFO - [Doublon ou vide] Ignoré : https://www.aivancity.ai/certificats
2025-07-24 21:58:28,736 - INFO - [Doublon ou vide] Ignoré : https://www.aivancity.ai/programmes-courts
2025-07-24 21:58:28,913 - INFO - [Doublon ou vide] Ignoré : https://www.aivancity.ai/offres-pour-les-entreprises-intra
2025-07-24 21:58:29,078 - INFO - [Doublon ou vide] Ignoré : https://www.aivancity.ai/financer-votre-formation-professionnelle
2025-07-24 21:58:29,247 - INFO - [Doublon ou vide] Ignoré : https://www.aivancity.ai/une-offre-de-formation-100-online-aivancityx
2025-07-24 21:58:29,410 - INFO - [Doublon ou vide] Ignoré : https://www.aivancity.ai/summer-school
2025-07-24 21:58:29,561 - INFO - [Doublon ou vide] Ignoré : https://www.aivancity.ai/hybridation
2025-07-24 21:58:29,745 - INFO - [Doublon ou vide] Ignoré : https://www.aivancity.ai/la-clinique-de-lintelligence-artificielle-plus-quun-lieu-un-concept-pedagogique-cree-par-aivancity
2025-07-24 21:58:29,949 - INFO - [Doublon ou vide] Ignoré : https://www.aivancity.ai/boarding-aivancity
2025-07-24 21:58:30,129 - INFO - [Doublon ou vide] Ignoré : https://www.aivancity.ai/campus-de-paris-villejuif
2025-07-24 21:58:30,302 - INFO - [Doublon ou vide] Ignoré : https://www.aivancity.ai/campus-de-nice
2025-07-24 21:58:30,449 - INFO - [Doublon ou vide] Ignoré : https://www.aivancity.ai/international
2025-07-24 21:58:30,616 - INFO - [Doublon ou vide] Ignoré : https://www.aivancity.ai/bourses-et-financement
2025-07-24 21:58:30,845 - INFO - [Doublon ou vide] Ignoré : https://www.aivancity.ai/handicap-et-accessibilite
2025-07-24 21:58:31,143 - INFO - [Doublon ou vide] Ignoré : https://www.aivancity.ai/corps-professoral
2025-07-24 21:58:31,327 - INFO - [Doublon ou vide] Ignoré : https://www.aivancity.ai/axes-et-projets-de-recherche
2025-07-24 21:58:31,494 - INFO - [Doublon ou vide] Ignoré : https://www.aivancity.ai/chaires-de-recherche-et-dinnovation
2025-07-24 21:58:31,705 - INFO - [Doublon ou vide] Ignoré : https://www.aivancity.ai/knowledge
2025-07-24 21:58:31,917 - INFO - [Doublon ou vide] Ignoré : https://www.aivancity.ai/projet-adoptia-porte-par-aivancity-laureat-de-2e-vague-de-lami-cma-france-2030
2025-07-24 21:58:32,081 - INFO - [Doublon ou vide] Ignoré : https://www.aivancity.ai/la-garantie-de-mise-jour-du-diplome
2025-07-24 21:58:32,288 - INFO - [Doublon ou vide] Ignoré : https://www.aivancity.ai/les-metiers-de-lintelligence-artificielle-ia-et-de-la-data
2025-07-24 21:58:32,421 - INFO - [Doublon ou vide] Ignoré : https://www.aivancity.ai/le-stage-en-entreprise-un-pilier-de-la-pedagogie-daivancity
2025-07-24 21:58:32,675 - INFO - [Doublon ou vide] Ignoré : https://www.aivancity.ai/lalternance-un-passeport-pour-lemploi-et-un-outil-de-recrutement
2025-07-24 21:58:32,846 - INFO - [Doublon ou vide] Ignoré : https://www.aivancity.ai/la-mission-citoyenne
2025-07-24 21:58:33,299 - INFO - [Doublon ou vide] Ignoré : https://www.aivancity.ai/actualites
2025-07-24 21:58:33,544 - INFO - [Doublon ou vide] Ignoré : https://www.aivancity.ai/evenements
2025-07-24 21:58:33,698 - INFO - [Doublon ou vide] Ignoré : https://www.aivancity.ai/rencontrez-nous
